<?xml version="1.0" encoding="UTF-8"?>
<included>
    <SpringProfile name="test">
        <root level="INFO">
            <appender-ref ref="CONSOLE"/>
        </root>
    </SpringProfile>
</included>
